<?xml version="1.0" encoding="UTF-8"?>
<!-- Generated by org.testng.reporters.JUnitReportReporter -->
<testsuite hostname="siva_acharya" failures="0" tests="4" name="TestNG_problems.Annotation3" time="0.037" errors="0" timestamp="2023-05-09T18:29:16 IST" skipped="1">
  <testcase classname="TestNG_problems.Annotation3" name="gmailApplicationboxtest" time="0.015"/>
  <system-out/>
  <testcase classname="TestNG_problems.Annotation3" name="gmailApplicationcomposemailtest" time="0.013"/>
  <system-out/>
  <testcase classname="TestNG_problems.Annotation3" name="gmailapplicationssentmailtest" time="0.009"/>
  <system-out/>
  <testcase classname="TestNG_problems.Annotation3" name="gmailApplicationsDraftstest">
    <skipped/>
  </testcase> <!-- gmailApplicationsDraftstest -->
  <system-out/>
</testsuite> <!-- TestNG_problems.Annotation3 -->
