<?xml version="1.0" encoding="UTF-8"?>
<!-- Generated by org.testng.reporters.JUnitReportReporter -->
<testsuite hostname="siva_acharya" failures="0" tests="3" name="TestNG_problems.Annotation2" time="0.010" errors="0" timestamp="2023-05-09T06:55:02 IST" skipped="1">
  <testcase classname="TestNG_problems.Annotation2" name="gmailapplicationsentmailtest" time="0.008"/>
  <system-out/>
  <testcase classname="TestNG_problems.Annotation2" name="gmailapplicationcomparemailtest" time="0.002"/>
  <system-out/>
  <testcase classname="TestNG_problems.Annotation2" name="gmailapplicationdraftsTest">
    <skipped/>
  </testcase> <!-- gmailapplicationdraftsTest -->
  <system-out/>
</testsuite> <!-- TestNG_problems.Annotation2 -->
