<?xml version="1.0" encoding="UTF-8"?>
<!-- Generated by org.testng.reporters.JUnitReportReporter -->
<testsuite hostname="siva_acharya" failures="0" tests="1" name="com.xpathmethod.GmailApplicationTest" time="0.343" errors="0" timestamp="2023-05-27T07:44:25 IST" skipped="0">
  <testcase classname="com.xpathmethod.GmailApplicationTest" name="LoginTest" time="0.343"/>
  <system-out/>
</testsuite> <!-- com.xpathmethod.GmailApplicationTest -->
