<?xml version="1.0" encoding="UTF-8"?>
<!-- Generated by org.testng.reporters.JUnitReportReporter -->
<testsuite hostname="siva_acharya" failures="0" tests="6" name="TestNG_problems.gmail_login_Test" time="0.030" errors="0" timestamp="2023-05-06T15:59:07 IST" skipped="1">
  <testcase classname="TestNG_problems.gmail_login_Test" name="gmailapplicationlaunch" time="0.016"/>
  <system-out/>
  <testcase classname="TestNG_problems.gmail_login_Test" name="gmailBoxtest" time="0.003"/>
  <system-out/>
  <testcase classname="TestNG_problems.gmail_login_Test" name="gmailcomposemailtest" time="0.002"/>
  <system-out/>
  <testcase classname="TestNG_problems.gmail_login_Test" name="gmailsentmailtest" time="0.002"/>
  <system-out/>
  <testcase classname="TestNG_problems.gmail_login_Test" name="gmailapplicationsclose" time="0.007"/>
  <system-out/>
  <testcase classname="TestNG_problems.gmail_login_Test" name="gmailDrafttest">
    <skipped/>
  </testcase> <!-- gmailDrafttest -->
  <system-out/>
</testsuite> <!-- TestNG_problems.gmail_login_Test -->
