<?xml version="1.0" encoding="UTF-8"?>
<!-- Generated by org.testng.reporters.JUnitReportReporter -->
<testsuite hostname="siva_acharya" failures="0" tests="1" name="TSRTC_websiteAlert.TSRTCwebsitehanding_alert" time="0.105" errors="0" timestamp="2023-05-10T11:40:57 IST" skipped="0">
  <testcase classname="TSRTC_websiteAlert.TSRTCwebsitehanding_alert" name="handingAlert" time="0.105"/>
  <system-out/>
</testsuite> <!-- TSRTC_websiteAlert.TSRTCwebsitehanding_alert -->
