<?xml version="1.0" encoding="UTF-8"?>
<!-- Generated by org.testng.reporters.JUnitReportReporter -->
<testsuite hostname="siva_acharya" failures="0" tests="2" name="TestNG_problems.Annotation1" time="0.078" errors="0" timestamp="2023-05-06T15:45:07 IST" skipped="0">
  <testcase classname="TestNG_problems.Annotation1" name="method3" time="0.005"/>
  <system-out/>
  <testcase classname="TestNG_problems.Annotation1" name="method2" time="0.073"/>
  <system-out/>
</testsuite> <!-- TestNG_problems.Annotation1 -->
