<?xml version="1.0" encoding="UTF-8"?>
<!-- Generated by org.testng.reporters.JUnitReportReporter -->
<testsuite hostname="siva_acharya" failures="0" tests="4" name="OrangeHRMApplicationWebPagesTest.OrangeHRMAdddEmployeePagelist" time="26.633" errors="0" timestamp="2023-05-29T20:12:40 IST" skipped="0">
  <testcase classname="OrangeHRMApplicationWebPagesTest.OrangeHRMAdddEmployeePagelist" name="validatingLogInPageTextTest" time="4.249"/>
  <system-out/>
  <testcase classname="OrangeHRMApplicationWebPagesTest.OrangeHRMAdddEmployeePagelist" name="validatingLogInTest" time="10.303"/>
  <system-out/>
  <testcase classname="OrangeHRMApplicationWebPagesTest.OrangeHRMAdddEmployeePagelist" name="validatingLogInPageLogoTest" time="4.154"/>
  <system-out/>
  <testcase classname="OrangeHRMApplicationWebPagesTest.OrangeHRMAdddEmployeePagelist" name="validatingAddEmployeeHeaderTextTest" time="7.927"/>
  <system-out/>
</testsuite> <!-- OrangeHRMApplicationWebPagesTest.OrangeHRMAdddEmployeePagelist -->
