<?xml version="1.0" encoding="UTF-8"?>
<!-- Generated by org.testng.reporters.JUnitReportReporter -->
<testsuite hostname="siva_acharya" failures="0" tests="7" name="OrangeHRMApplicationWebPagesTest.OrangeHRMHomePagetest" time="50.300" errors="0" timestamp="2023-05-29T20:11:52 IST" skipped="0">
  <testcase classname="OrangeHRMApplicationWebPagesTest.OrangeHRMHomePagetest" name="validatingHomePageAdminTextTest" time="9.837"/>
  <system-out/>
  <testcase classname="OrangeHRMApplicationWebPagesTest.OrangeHRMHomePagetest" name="validatingLogInPageTextTest" time="4.034"/>
  <system-out/>
  <testcase classname="OrangeHRMApplicationWebPagesTest.OrangeHRMHomePagetest" name="validatingHomePagePIMTextTest" time="7.512"/>
  <system-out/>
  <testcase classname="OrangeHRMApplicationWebPagesTest.OrangeHRMHomePagetest" name="validatingLogInTest" time="6.935"/>
  <system-out/>
  <testcase classname="OrangeHRMApplicationWebPagesTest.OrangeHRMHomePagetest" name="validatingLogInPageLogoTest" time="6.546"/>
  <system-out/>
  <testcase classname="OrangeHRMApplicationWebPagesTest.OrangeHRMHomePagetest" name="validatingHomePageLeaveTextTest" time="7.702"/>
  <system-out/>
  <testcase classname="OrangeHRMApplicationWebPagesTest.OrangeHRMHomePagetest" name="validatingHomePageTimeTextTest" time="7.734"/>
  <system-out/>
</testsuite> <!-- OrangeHRMApplicationWebPagesTest.OrangeHRMHomePagetest -->
