<?xml version="1.0" encoding="UTF-8"?>
<!-- Generated by org.testng.reporters.JUnitReportReporter -->
<testsuite hostname="siva_acharya" failures="0" tests="2" name="com.baseTest.LoginValidationText" time="5.596" errors="0" timestamp="2023-05-27T18:56:23 IST" skipped="0">
  <testcase classname="com.baseTest.LoginValidationText" name="OHRMApplicationLogInPageValidationTest" time="3.509"/>
  <system-out/>
  <testcase classname="com.baseTest.LoginValidationText" name="oHRMApplicationHomePagelogOutTest" time="2.087"/>
  <system-out/>
</testsuite> <!-- com.baseTest.LoginValidationText -->
