<?xml version="1.0" encoding="UTF-8"?>
<!-- Generated by org.testng.reporters.JUnitReportReporter -->
<testsuite hostname="siva_acharya" failures="0" tests="5" name="com.baseTest.CapyturingEmployeeList" time="11.622" errors="0" timestamp="2023-05-27T19:09:46 IST" skipped="0">
  <testcase classname="com.baseTest.CapyturingEmployeeList" name="OHRMApplicationLogInPageValidationTest" time="3.290"/>
  <system-out/>
  <testcase classname="com.baseTest.CapyturingEmployeeList" name="oHRMApplicationHomePagePIMTest" time="0.270"/>
  <system-out/>
  <testcase classname="com.baseTest.CapyturingEmployeeList" name="OHRMApplicationEmployeeListTest" time="1.226"/>
  <system-out/>
  <testcase classname="com.baseTest.CapyturingEmployeeList" name="oHRMApplicationHomePageCapturingEmployeeListTest" time="4.887"/>
  <system-out/>
  <testcase classname="com.baseTest.CapyturingEmployeeList" name="oHRMApplicationHomePagelogOutTest" time="1.949"/>
  <system-out/>
</testsuite> <!-- com.baseTest.CapyturingEmployeeList -->
