<?xml version="1.0" encoding="UTF-8"?>
<!-- Generated by org.testng.reporters.JUnitReportReporter -->
<testsuite hostname="siva_acharya" failures="0" tests="1" name="com.baseTest.BaseTest" time="0.024" errors="0" timestamp="2023-05-10T18:28:50 IST" skipped="0">
  <testcase classname="com.baseTest.BaseTest" name="shiva" time="0.024"/>
  <system-out/>
</testsuite> <!-- com.baseTest.BaseTest -->
